mode: set
github.com/andrei-cloud/anet/broker.go:56.39,56.40 0 1
github.com/andrei-cloud/anet/broker.go:59.50,59.51 0 1
github.com/andrei-cloud/anet/broker.go:62.50,63.14 1 1
github.com/andrei-cloud/anet/broker.go:63.14,65.3 1 1
github.com/andrei-cloud/anet/broker.go:66.2,77.3 3 1
github.com/andrei-cloud/anet/broker.go:80.32,84.33 3 1
github.com/andrei-cloud/anet/broker.go:84.33,87.22 3 1
github.com/andrei-cloud/anet/broker.go:87.22,94.4 5 1
github.com/andrei-cloud/anet/broker.go:97.2,100.12 3 1
github.com/andrei-cloud/anet/broker.go:104.26,106.15 2 1
github.com/andrei-cloud/anet/broker.go:106.15,109.3 2 1
github.com/andrei-cloud/anet/broker.go:110.2,122.48 6 1
github.com/andrei-cloud/anet/broker.go:122.48,124.10 2 0
github.com/andrei-cloud/anet/broker.go:124.10,128.4 2 0
github.com/andrei-cloud/anet/broker.go:129.3,129.10 1 0
github.com/andrei-cloud/anet/broker.go:130.39,130.39 0 0
github.com/andrei-cloud/anet/broker.go:131.11,131.11 0 0
github.com/andrei-cloud/anet/broker.go:133.3,137.14 4 0
github.com/andrei-cloud/anet/broker.go:141.2,141.30 1 1
github.com/andrei-cloud/anet/broker.go:141.30,143.3 1 1
github.com/andrei-cloud/anet/broker.go:145.2,145.34 1 1
github.com/andrei-cloud/anet/broker.go:148.52,157.15 4 1
github.com/andrei-cloud/anet/broker.go:157.15,161.3 2 1
github.com/andrei-cloud/anet/broker.go:164.2,167.9 2 1
github.com/andrei-cloud/anet/broker.go:168.30,170.16 1 1
github.com/andrei-cloud/anet/broker.go:171.16,175.31 3 0
github.com/andrei-cloud/anet/broker.go:176.10,181.31 3 0
github.com/andrei-cloud/anet/broker.go:185.2,185.9 1 1
github.com/andrei-cloud/anet/broker.go:186.30,186.30 0 1
github.com/andrei-cloud/anet/broker.go:187.26,189.18 2 1
github.com/andrei-cloud/anet/broker.go:192.2,192.18 1 1
github.com/andrei-cloud/anet/broker.go:195.80,205.15 4 1
github.com/andrei-cloud/anet/broker.go:205.15,209.3 2 0
github.com/andrei-cloud/anet/broker.go:212.2,215.9 2 1
github.com/andrei-cloud/anet/broker.go:216.30,218.16 1 1
github.com/andrei-cloud/anet/broker.go:219.16,223.31 3 0
github.com/andrei-cloud/anet/broker.go:224.20,228.24 3 0
github.com/andrei-cloud/anet/broker.go:229.10,234.31 3 0
github.com/andrei-cloud/anet/broker.go:238.2,238.9 1 1
github.com/andrei-cloud/anet/broker.go:239.30,240.19 1 1
github.com/andrei-cloud/anet/broker.go:241.26,243.18 2 0
github.com/andrei-cloud/anet/broker.go:244.20,246.24 2 1
github.com/andrei-cloud/anet/broker.go:250.38,253.25 3 1
github.com/andrei-cloud/anet/broker.go:253.25,255.3 1 0
github.com/andrei-cloud/anet/broker.go:257.2,257.51 1 1
github.com/andrei-cloud/anet/broker.go:260.38,262.2 1 1
github.com/andrei-cloud/anet/broker.go:265.43,273.6 2 1
github.com/andrei-cloud/anet/broker.go:273.6,274.10 1 1
github.com/andrei-cloud/anet/broker.go:275.17,277.18 2 1
github.com/andrei-cloud/anet/broker.go:278.37,279.11 1 1
github.com/andrei-cloud/anet/broker.go:279.11,283.5 2 0
github.com/andrei-cloud/anet/broker.go:284.4,288.16 4 1
github.com/andrei-cloud/anet/broker.go:288.16,298.13 4 0
github.com/andrei-cloud/anet/broker.go:302.4,302.22 1 1
github.com/andrei-cloud/anet/broker.go:302.22,304.5 1 1
github.com/andrei-cloud/anet/broker.go:304.10,306.5 1 0
github.com/andrei-cloud/anet/broker.go:308.4,308.18 1 1
github.com/andrei-cloud/anet/broker.go:308.18,310.56 1 1
github.com/andrei-cloud/anet/broker.go:310.56,317.6 1 1
github.com/andrei-cloud/anet/broker.go:317.11,325.6 2 1
github.com/andrei-cloud/anet/broker.go:327.5,327.13 1 1
github.com/andrei-cloud/anet/broker.go:329.4,337.11 3 1
github.com/andrei-cloud/anet/broker.go:337.11,346.13 4 0
github.com/andrei-cloud/anet/broker.go:349.4,352.18 3 1
github.com/andrei-cloud/anet/broker.go:352.18,354.5 1 1
github.com/andrei-cloud/anet/broker.go:357.4,357.18 1 1
github.com/andrei-cloud/anet/broker.go:357.18,366.5 3 0
github.com/andrei-cloud/anet/broker.go:366.10,380.5 4 1
github.com/andrei-cloud/anet/broker.go:385.54,386.9 1 1
github.com/andrei-cloud/anet/broker.go:387.25,387.25 0 1
github.com/andrei-cloud/anet/broker.go:388.10,390.22 2 0
github.com/andrei-cloud/anet/broker.go:395.64,408.2 5 1
github.com/andrei-cloud/anet/broker.go:412.45,418.2 4 1
github.com/andrei-cloud/anet/pool.go:41.68,44.29 2 1
github.com/andrei-cloud/anet/pool.go:44.29,47.3 2 1
github.com/andrei-cloud/anet/pool.go:49.2,49.14 1 1
github.com/andrei-cloud/anet/pool.go:53.59,62.2 1 1
github.com/andrei-cloud/anet/pool.go:65.40,66.15 1 1
github.com/andrei-cloud/anet/pool.go:66.15,68.3 1 1
github.com/andrei-cloud/anet/pool.go:70.2,70.9 1 1
github.com/andrei-cloud/anet/pool.go:72.25,73.18 1 0
github.com/andrei-cloud/anet/pool.go:73.18,75.4 1 0
github.com/andrei-cloud/anet/pool.go:77.3,77.19 1 0
github.com/andrei-cloud/anet/pool.go:78.10,78.10 0 1
github.com/andrei-cloud/anet/pool.go:82.2,83.26 2 1
github.com/andrei-cloud/anet/pool.go:83.26,89.17 4 1
github.com/andrei-cloud/anet/pool.go:89.17,92.4 2 1
github.com/andrei-cloud/anet/pool.go:95.3,95.19 1 1
github.com/andrei-cloud/anet/pool.go:98.2,102.17 3 0
github.com/andrei-cloud/anet/pool.go:102.17,104.3 1 0
github.com/andrei-cloud/anet/pool.go:106.2,106.18 1 0
github.com/andrei-cloud/anet/pool.go:110.70,111.15 1 1
github.com/andrei-cloud/anet/pool.go:111.15,113.3 1 0
github.com/andrei-cloud/anet/pool.go:115.2,115.9 1 1
github.com/andrei-cloud/anet/pool.go:116.20,117.24 1 0
github.com/andrei-cloud/anet/pool.go:119.25,120.18 1 0
github.com/andrei-cloud/anet/pool.go:120.18,122.4 1 0
github.com/andrei-cloud/anet/pool.go:124.3,124.19 1 0
github.com/andrei-cloud/anet/pool.go:125.10,125.10 0 1
github.com/andrei-cloud/anet/pool.go:129.2,130.26 2 1
github.com/andrei-cloud/anet/pool.go:130.26,136.17 4 1
github.com/andrei-cloud/anet/pool.go:136.17,139.4 2 1
github.com/andrei-cloud/anet/pool.go:142.3,142.19 1 1
github.com/andrei-cloud/anet/pool.go:145.2,148.9 2 1
github.com/andrei-cloud/anet/pool.go:149.20,150.24 1 1
github.com/andrei-cloud/anet/pool.go:151.25,152.18 1 0
github.com/andrei-cloud/anet/pool.go:152.18,154.4 1 0
github.com/andrei-cloud/anet/pool.go:156.3,156.19 1 0
github.com/andrei-cloud/anet/pool.go:161.35,162.17 1 1
github.com/andrei-cloud/anet/pool.go:162.17,164.3 1 0
github.com/andrei-cloud/anet/pool.go:166.2,170.15 2 1
github.com/andrei-cloud/anet/pool.go:170.15,174.3 3 1
github.com/andrei-cloud/anet/pool.go:177.2,177.9 1 1
github.com/andrei-cloud/anet/pool.go:178.23,180.13 1 1
github.com/andrei-cloud/anet/pool.go:181.10,184.18 2 0
github.com/andrei-cloud/anet/pool.go:189.39,190.17 1 1
github.com/andrei-cloud/anet/pool.go:190.17,193.38 2 1
github.com/andrei-cloud/anet/pool.go:193.38,195.23 1 0
github.com/andrei-cloud/anet/pool.go:195.23,197.5 1 0
github.com/andrei-cloud/anet/pool.go:204.24,206.15 2 1
github.com/andrei-cloud/anet/pool.go:206.15,209.3 2 1
github.com/andrei-cloud/anet/pool.go:210.2,215.28 4 1
github.com/andrei-cloud/anet/pool.go:215.28,217.3 1 1
github.com/andrei-cloud/anet/pool.go:218.2,221.36 2 1
github.com/andrei-cloud/anet/pool.go:221.36,223.3 1 1
github.com/andrei-cloud/anet/pool.go:227.26,227.49 1 1
github.com/andrei-cloud/anet/pool.go:230.26,230.52 1 1
github.com/andrei-cloud/anet/task.go:23.42,24.18 1 1
github.com/andrei-cloud/anet/task.go:24.18,26.3 1 0
github.com/andrei-cloud/anet/task.go:28.2,28.14 1 1
github.com/andrei-cloud/anet/task.go:31.42,34.71 1 1
github.com/andrei-cloud/anet/task.go:34.71,39.3 3 1
github.com/andrei-cloud/anet/task.go:39.8,42.3 1 0
github.com/andrei-cloud/anet/task.go:45.45,46.27 1 1
github.com/andrei-cloud/anet/task.go:46.27,50.3 2 0
github.com/andrei-cloud/anet/task.go:51.2,59.56 4 1
github.com/andrei-cloud/anet/task.go:59.56,67.3 2 0
github.com/andrei-cloud/anet/task.go:69.2,70.9 2 1
github.com/andrei-cloud/anet/task.go:70.9,77.77 2 0
github.com/andrei-cloud/anet/task.go:77.77,79.4 1 0
github.com/andrei-cloud/anet/task.go:80.3,80.84 1 0
github.com/andrei-cloud/anet/task.go:80.84,82.4 1 0
github.com/andrei-cloud/anet/task.go:84.3,84.9 1 0
github.com/andrei-cloud/anet/task.go:87.2,89.9 3 1
github.com/andrei-cloud/anet/task.go:90.33,95.20 3 1
github.com/andrei-cloud/anet/task.go:96.10,106.20 3 0
github.com/andrei-cloud/anet/utils.go:19.42,20.30 1 1
github.com/andrei-cloud/anet/utils.go:20.30,22.3 1 0
github.com/andrei-cloud/anet/utils.go:24.2,26.16 3 1
github.com/andrei-cloud/anet/utils.go:26.16,28.3 1 0
github.com/andrei-cloud/anet/utils.go:29.2,30.16 2 1
github.com/andrei-cloud/anet/utils.go:30.16,32.3 1 0
github.com/andrei-cloud/anet/utils.go:33.2,34.16 2 1
github.com/andrei-cloud/anet/utils.go:34.16,36.3 1 1
github.com/andrei-cloud/anet/utils.go:38.2,38.12 1 1
github.com/andrei-cloud/anet/utils.go:42.40,45.16 3 1
github.com/andrei-cloud/anet/utils.go:45.16,47.3 1 1
github.com/andrei-cloud/anet/utils.go:49.2,51.16 3 1
github.com/andrei-cloud/anet/utils.go:51.16,53.3 1 0
github.com/andrei-cloud/anet/utils.go:55.2,55.21 1 1
